<?xml version="1.0" encoding="UTF-8"?>
<!-- Generated by org.testng.reporters.JUnitReportReporter -->
<testsuite hostname="HPnote" name="tests.EmptyTest" tests="1" failures="0" timestamp="18 Jan 2016 16:23:59 GMT" time="15.597" errors="0">
  <testcase name="Test" time="15.597" classname="tests.EmptyTest"/>
</testsuite> <!-- tests.EmptyTest -->
